[  0%] Built target std_msgs_generate_messages_py
[  0%] Built target geometry_msgs_generate_messages_cpp
[  0%] Built target std_msgs_generate_messages_cpp
[  0%] Built target geometry_msgs_generate_messages_py
[  0%] Built target _msckf_vio_generate_messages_check_deps_TrackingInfo
[  0%] Built target actionlib_generate_messages_nodejs
[  0%] Built target _msckf_vio_generate_messages_check_deps_FeatureMeasurement
[  0%] Built target _msckf_vio_generate_messages_check_deps_CameraMeasurement
[  0%] Built target _msckf_vio_generate_messages_check_deps_Pose
[  0%] Built target sensor_msgs_generate_messages_eus
[  0%] Built target actionlib_msgs_generate_messages_lisp
[  0%] Built target actionlib_msgs_generate_messages_cpp
[  0%] Built target actionlib_generate_messages_lisp
[  0%] Built target actionlib_msgs_generate_messages_eus
[  0%] Built target actionlib_msgs_generate_messages_nodejs
[  0%] Built target topic_tools_generate_messages_py
[  0%] Built target std_msgs_generate_messages_nodejs
[  0%] Built target sensor_msgs_generate_messages_nodejs
[  0%] Built target tf2_msgs_generate_messages_py
[  0%] Built target sensor_msgs_generate_messages_cpp
[  0%] Built target std_msgs_generate_messages_lisp
[  0%] Built target rosgraph_msgs_generate_messages_py
[  0%] Built target tf_generate_messages_py
[  0%] Built target geometry_msgs_generate_messages_lisp
[  0%] Built target actionlib_msgs_generate_messages_py
[  0%] Built target tf_generate_messages_lisp
[  0%] Built target roscpp_generate_messages_py
[  0%] Built target actionlib_generate_messages_cpp
[  0%] Built target geometry_msgs_generate_messages_nodejs
[  0%] Built target std_srvs_generate_messages_lisp
[  0%] Built target nodelet_generate_messages_py
[  0%] Built target bond_generate_messages_eus
[  0%] Built target roscpp_generate_messages_cpp
[  0%] Built target roscpp_generate_messages_eus
[  0%] Built target geometry_msgs_generate_messages_eus
[  0%] Built target bond_generate_messages_py
[  0%] Built target tf2_msgs_generate_messages_cpp
[  0%] Built target rosgraph_msgs_generate_messages_cpp
[  0%] Built target std_srvs_generate_messages_eus
[  0%] Built target tf_generate_messages_eus
[  0%] Built target pcl_msgs_generate_messages_eus
[  0%] Built target sensor_msgs_generate_messages_py
[  0%] Built target rosgraph_msgs_generate_messages_nodejs
[  0%] Built target tf_generate_messages_cpp
[  0%] Built target roscpp_generate_messages_nodejs
[  0%] Built target pcl_msgs_generate_messages_nodejs
[  0%] Built target std_srvs_generate_messages_nodejs
[  0%] Built target nav_msgs_generate_messages_py
[  0%] Built target rosgraph_msgs_generate_messages_eus
[  0%] Built target rosgraph_msgs_generate_messages_lisp
[  0%] Built target roscpp_generate_messages_lisp
[  0%] Built target tf_generate_messages_nodejs
[  0%] Built target std_msgs_generate_messages_eus
[  0%] Built target actionlib_generate_messages_eus
[  0%] Built target std_srvs_generate_messages_py
[  0%] Built target nodelet_generate_messages_cpp
[  0%] Built target tf2_msgs_generate_messages_nodejs
[  0%] Built target tf2_msgs_generate_messages_lisp
[  0%] Built target nav_msgs_generate_messages_cpp
[  0%] Built target pcl_ros_gencfg
[  0%] Built target tf2_msgs_generate_messages_eus
[  0%] Built target nav_msgs_generate_messages_eus
[  0%] Built target nav_msgs_generate_messages_lisp
[  0%] Built target nodelet_generate_messages_nodejs
[  0%] Built target nav_msgs_generate_messages_nodejs
[  0%] Built target nodelet_generate_messages_lisp
[  0%] Built target bond_generate_messages_lisp
[  0%] Built target bond_generate_messages_cpp
[  0%] Built target topic_tools_generate_messages_cpp
[  0%] Built target nodelet_generate_messages_eus
[  0%] Built target pcl_msgs_generate_messages_lisp
[  0%] Built target topic_tools_generate_messages_eus
[  0%] Built target dynamic_reconfigure_generate_messages_cpp
[  0%] Built target bond_generate_messages_nodejs
[  0%] Built target pcl_msgs_generate_messages_py
[  0%] Built target dynamic_reconfigure_generate_messages_eus
[  0%] Built target dynamic_reconfigure_generate_messages_nodejs
[  0%] Built target dynamic_reconfigure_generate_messages_lisp
[  0%] Built target actionlib_generate_messages_py
[  7%] Built target msckf_vio_generate_messages_eus
[  7%] Built target dynamic_reconfigure_gencfg
[  7%] Built target dynamic_reconfigure_generate_messages_py
[  7%] Built target nodelet_topic_tools_gencfg
[  7%] Built target pcl_msgs_generate_messages_cpp
[  7%] Built target sensor_msgs_generate_messages_lisp
[  7%] Built target std_srvs_generate_messages_cpp
[  7%] Built target topic_tools_generate_messages_lisp
[ 14%] Built target msckf_vio_generate_messages_cpp
[ 14%] Built target topic_tools_generate_messages_nodejs
[ 21%] Built target msckf_vio_generate_messages_py
[ 28%] Built target msckf_vio_generate_messages_lisp
[ 34%] Built target msckf_vio_generate_messages_nodejs
[ 34%] Built target msckf_vio_generate_messages
[35m[1mScanning dependencies of target msckf_vio[0m
[ 39%] Built target image_processor
[ 40%] [32mBuilding CXX object CMakeFiles/msckf_vio.dir/src/msckf_vio.cpp.o[0m
[ 43%] Built target image_processor_nodelet
[ 65%] Built target loop_closure
[ 68%] Built target Converter
[ 75%] Built target loop_closure_nodelet
[ 75%] Built target ORBextractor
[ 93%] Built target Frame
[ 95%] [32m[1mLinking CXX shared library /home/vtkc/Desktop/tlab/msckf_loopClosure/devel/.private/msckf_vio/lib/libmsckf_vio.so[0m
[ 96%] Built target msckf_vio
[ 98%] [32m[1mLinking CXX shared library /home/vtkc/Desktop/tlab/msckf_loopClosure/devel/.private/msckf_vio/lib/libmsckf_vio_nodelet.so[0m
[100%] Built target msckf_vio_nodelet
