[35m[1mScanning dependencies of target _msckf_vio_generate_messages_check_deps_CameraMeasurement[0m
[35m[1mScanning dependencies of target _msckf_vio_generate_messages_check_deps_TrackingInfo[0m
[35m[1mScanning dependencies of target _msckf_vio_generate_messages_check_deps_Pose[0m
[35m[1mScanning dependencies of target _msckf_vio_generate_messages_check_deps_FeatureMeasurement[0m
[35m[1mScanning dependencies of target geometry_msgs_generate_messages_py[0m
[35m[1mScanning dependencies of target std_msgs_generate_messages_cpp[0m
[35m[1mScanning dependencies of target geometry_msgs_generate_messages_cpp[0m
[  0%] Built target geometry_msgs_generate_messages_py
[  0%] Built target geometry_msgs_generate_messages_cpp
[35m[1mScanning dependencies of target std_msgs_generate_messages_py[0m
[  0%] Built target std_msgs_generate_messages_cpp
[35m[1mScanning dependencies of target actionlib_msgs_generate_messages_lisp[0m
[35m[1mScanning dependencies of target actionlib_generate_messages_nodejs[0m
[35m[1mScanning dependencies of target sensor_msgs_generate_messages_eus[0m
[  0%] Built target std_msgs_generate_messages_py
[  0%] Built target sensor_msgs_generate_messages_eus
[  0%] Built target _msckf_vio_generate_messages_check_deps_FeatureMeasurement
[  0%] Built target _msckf_vio_generate_messages_check_deps_Pose
[  0%] Built target actionlib_generate_messages_nodejs
[  0%] Built target _msckf_vio_generate_messages_check_deps_CameraMeasurement
[  0%] Built target actionlib_msgs_generate_messages_lisp
[35m[1mScanning dependencies of target actionlib_msgs_generate_messages_cpp[0m
[35m[1mScanning dependencies of target actionlib_msgs_generate_messages_eus[0m
[35m[1mScanning dependencies of target tf2_msgs_generate_messages_py[0m
[35m[1mScanning dependencies of target actionlib_msgs_generate_messages_nodejs[0m
[  0%] Built target _msckf_vio_generate_messages_check_deps_TrackingInfo
[35m[1mScanning dependencies of target actionlib_generate_messages_lisp[0m
[35m[1mScanning dependencies of target sensor_msgs_generate_messages_cpp[0m
[  0%] Built target actionlib_msgs_generate_messages_cpp
[35m[1mScanning dependencies of target topic_tools_generate_messages_py[0m
[  0%] Built target tf2_msgs_generate_messages_py
[  0%] Built target actionlib_msgs_generate_messages_eus
[  0%] Built target actionlib_msgs_generate_messages_nodejs
[  0%] Built target actionlib_generate_messages_lisp
[35m[1mScanning dependencies of target std_msgs_generate_messages_nodejs[0m
[  0%] Built target sensor_msgs_generate_messages_cpp
[35m[1mScanning dependencies of target sensor_msgs_generate_messages_nodejs[0m
[35m[1mScanning dependencies of target geometry_msgs_generate_messages_lisp[0m
[35m[1mScanning dependencies of target roscpp_generate_messages_py[0m
[35m[1mScanning dependencies of target tf_generate_messages_py[0m
[  0%] Built target topic_tools_generate_messages_py
[35m[1mScanning dependencies of target std_msgs_generate_messages_lisp[0m
[  0%] Built target std_msgs_generate_messages_nodejs
[  0%] Built target sensor_msgs_generate_messages_nodejs
[35m[1mScanning dependencies of target tf_generate_messages_lisp[0m
[  0%] Built target geometry_msgs_generate_messages_lisp
[  0%] Built target roscpp_generate_messages_py
[35m[1mScanning dependencies of target actionlib_generate_messages_cpp[0m
[  0%] Built target tf_generate_messages_py
[35m[1mScanning dependencies of target actionlib_msgs_generate_messages_py[0m
[  0%] Built target std_msgs_generate_messages_lisp
[  0%] Built target tf_generate_messages_lisp
[35m[1mScanning dependencies of target rosgraph_msgs_generate_messages_py[0m
[35m[1mScanning dependencies of target geometry_msgs_generate_messages_nodejs[0m
[  0%] Built target actionlib_generate_messages_cpp
[35m[1mScanning dependencies of target geometry_msgs_generate_messages_eus[0m
[35m[1mScanning dependencies of target roscpp_generate_messages_cpp[0m
[  0%] Built target actionlib_msgs_generate_messages_py
[  0%] Built target geometry_msgs_generate_messages_nodejs
[35m[1mScanning dependencies of target roscpp_generate_messages_eus[0m
[35m[1mScanning dependencies of target nodelet_generate_messages_py[0m
[  0%] Built target rosgraph_msgs_generate_messages_py
[35m[1mScanning dependencies of target bond_generate_messages_eus[0m
[35m[1mScanning dependencies of target bond_generate_messages_py[0m
[  0%] Built target geometry_msgs_generate_messages_eus
[  0%] Built target roscpp_generate_messages_cpp
[  0%] Built target nodelet_generate_messages_py
[35m[1mScanning dependencies of target tf_generate_messages_cpp[0m
[  0%] Built target bond_generate_messages_eus
[35m[1mScanning dependencies of target std_srvs_generate_messages_lisp[0m
[  0%] Built target bond_generate_messages_py
[35m[1mScanning dependencies of target tf2_msgs_generate_messages_cpp[0m
[  0%] Built target roscpp_generate_messages_eus
[  0%] Built target std_srvs_generate_messages_lisp
[35m[1mScanning dependencies of target rosgraph_msgs_generate_messages_cpp[0m
[35m[1mScanning dependencies of target std_srvs_generate_messages_eus[0m
[35m[1mScanning dependencies of target rosgraph_msgs_generate_messages_nodejs[0m
[  0%] Built target tf_generate_messages_cpp
[35m[1mScanning dependencies of target pcl_msgs_generate_messages_eus[0m
[  0%] Built target tf2_msgs_generate_messages_cpp
[  0%] Built target rosgraph_msgs_generate_messages_cpp
[35m[1mScanning dependencies of target sensor_msgs_generate_messages_py[0m
[  0%] Built target std_srvs_generate_messages_eus
[35m[1mScanning dependencies of target tf_generate_messages_eus[0m
[35m[1mScanning dependencies of target pcl_msgs_generate_messages_nodejs[0m
[  0%] Built target rosgraph_msgs_generate_messages_nodejs
[  0%] Built target pcl_msgs_generate_messages_eus
[  0%] Built target tf_generate_messages_eus
[35m[1mScanning dependencies of target roscpp_generate_messages_nodejs[0m
[35m[1mScanning dependencies of target rosgraph_msgs_generate_messages_lisp[0m
[35m[1mScanning dependencies of target std_srvs_generate_messages_nodejs[0m
[  0%] Built target sensor_msgs_generate_messages_py
[  0%] Built target pcl_msgs_generate_messages_nodejs
[35m[1mScanning dependencies of target rosgraph_msgs_generate_messages_eus[0m
[35m[1mScanning dependencies of target nav_msgs_generate_messages_py[0m
[35m[1mScanning dependencies of target roscpp_generate_messages_lisp[0m
[  0%] Built target rosgraph_msgs_generate_messages_lisp
[  0%] Built target roscpp_generate_messages_nodejs
[35m[1mScanning dependencies of target tf_generate_messages_nodejs[0m
[35m[1mScanning dependencies of target std_srvs_generate_messages_py[0m
[  0%] Built target std_srvs_generate_messages_nodejs
[  0%] Built target rosgraph_msgs_generate_messages_eus
[35m[1mScanning dependencies of target std_msgs_generate_messages_eus[0m
[  0%] Built target roscpp_generate_messages_lisp
[35m[1mScanning dependencies of target actionlib_generate_messages_eus[0m
[  0%] Built target nav_msgs_generate_messages_py
[  0%] Built target tf_generate_messages_nodejs
[  0%] Built target std_srvs_generate_messages_py
[35m[1mScanning dependencies of target nodelet_generate_messages_cpp[0m
[35m[1mScanning dependencies of target tf2_msgs_generate_messages_nodejs[0m
[  0%] Built target actionlib_generate_messages_eus
[35m[1mScanning dependencies of target tf2_msgs_generate_messages_lisp[0m
[  0%] Built target std_msgs_generate_messages_eus
[35m[1mScanning dependencies of target nav_msgs_generate_messages_cpp[0m
[35m[1mScanning dependencies of target pcl_ros_gencfg[0m
[35m[1mScanning dependencies of target tf2_msgs_generate_messages_eus[0m
[  0%] Built target nodelet_generate_messages_cpp
[  0%] Built target tf2_msgs_generate_messages_nodejs
[  0%] Built target tf2_msgs_generate_messages_lisp
[35m[1mScanning dependencies of target nav_msgs_generate_messages_lisp[0m
[35m[1mScanning dependencies of target nav_msgs_generate_messages_eus[0m
[  0%] Built target pcl_ros_gencfg
[  0%] Built target nav_msgs_generate_messages_cpp
[  0%] Built target tf2_msgs_generate_messages_eus
[35m[1mScanning dependencies of target nodelet_generate_messages_lisp[0m
[  0%] Built target nav_msgs_generate_messages_lisp
[35m[1mScanning dependencies of target nav_msgs_generate_messages_nodejs[0m
[35m[1mScanning dependencies of target nodelet_generate_messages_nodejs[0m
[  0%] Built target nav_msgs_generate_messages_eus
[35m[1mScanning dependencies of target bond_generate_messages_cpp[0m
[35m[1mScanning dependencies of target bond_generate_messages_lisp[0m
[35m[1mScanning dependencies of target nodelet_generate_messages_eus[0m
[35m[1mScanning dependencies of target topic_tools_generate_messages_cpp[0m
[  0%] Built target nodelet_generate_messages_nodejs
[  0%] Built target nav_msgs_generate_messages_nodejs
[35m[1mScanning dependencies of target topic_tools_generate_messages_eus[0m
[  0%] Built target nodelet_generate_messages_lisp
[  0%] Built target bond_generate_messages_lisp
[  0%] Built target nodelet_generate_messages_eus
[  0%] Built target bond_generate_messages_cpp
[  0%] Built target topic_tools_generate_messages_cpp
[  0%] Built target topic_tools_generate_messages_eus
[35m[1mScanning dependencies of target dynamic_reconfigure_generate_messages_cpp[0m
[35m[1mScanning dependencies of target pcl_msgs_generate_messages_lisp[0m
[35m[1mScanning dependencies of target bond_generate_messages_nodejs[0m
[35m[1mScanning dependencies of target pcl_msgs_generate_messages_py[0m
[35m[1mScanning dependencies of target dynamic_reconfigure_generate_messages_lisp[0m
[  0%] Built target dynamic_reconfigure_generate_messages_cpp
[35m[1mScanning dependencies of target dynamic_reconfigure_generate_messages_nodejs[0m
[35m[1mScanning dependencies of target dynamic_reconfigure_generate_messages_eus[0m
[35m[1mScanning dependencies of target msckf_vio_generate_messages_eus[0m
[  0%] Built target pcl_msgs_generate_messages_lisp
[  0%] Built target bond_generate_messages_nodejs
[  0%] Built target dynamic_reconfigure_generate_messages_nodejs
[  0%] Built target pcl_msgs_generate_messages_py
[35m[1mScanning dependencies of target actionlib_generate_messages_py[0m
[  0%] Built target dynamic_reconfigure_generate_messages_lisp
[35m[1mScanning dependencies of target dynamic_reconfigure_generate_messages_py[0m
[  0%] Built target dynamic_reconfigure_generate_messages_eus
[  1%] [34m[1mGenerating EusLisp code from msckf_vio/TrackingInfo.msg[0m
[35m[1mScanning dependencies of target dynamic_reconfigure_gencfg[0m
[35m[1mScanning dependencies of target pcl_msgs_generate_messages_cpp[0m
[35m[1mScanning dependencies of target nodelet_topic_tools_gencfg[0m
[  1%] Built target actionlib_generate_messages_py
[35m[1mScanning dependencies of target topic_tools_generate_messages_lisp[0m
[  1%] Built target dynamic_reconfigure_generate_messages_py
[  1%] Built target dynamic_reconfigure_gencfg
[35m[1mScanning dependencies of target std_srvs_generate_messages_cpp[0m
[  1%] Built target pcl_msgs_generate_messages_cpp
[  1%] Built target nodelet_topic_tools_gencfg
[  1%] Built target topic_tools_generate_messages_lisp
[35m[1mScanning dependencies of target msckf_vio_generate_messages_cpp[0m
[35m[1mScanning dependencies of target topic_tools_generate_messages_nodejs[0m
[35m[1mScanning dependencies of target sensor_msgs_generate_messages_lisp[0m
[  1%] Built target std_srvs_generate_messages_cpp
[35m[1mScanning dependencies of target msckf_vio_generate_messages_py[0m
[  3%] [34m[1mGenerating EusLisp code from msckf_vio/FeatureMeasurement.msg[0m
[35m[1mScanning dependencies of target msckf_vio_generate_messages_lisp[0m
[  4%] Built target topic_tools_generate_messages_nodejs
[  4%] [34m[1mGenerating C++ code from msckf_vio/TrackingInfo.msg[0m
[  6%] [34m[1mGenerating C++ code from msckf_vio/FeatureMeasurement.msg[0m
[  7%] [34m[1mGenerating Python from MSG msckf_vio/TrackingInfo[0m
[  9%] Built target sensor_msgs_generate_messages_lisp
[  9%] [34m[1mGenerating Lisp code from msckf_vio/TrackingInfo.msg[0m
[35m[1mScanning dependencies of target msckf_vio_generate_messages_nodejs[0m
[ 10%] [34m[1mGenerating C++ code from msckf_vio/Pose.msg[0m
[ 12%] [34m[1mGenerating Javascript code from msckf_vio/TrackingInfo.msg[0m
[ 14%] [34m[1mGenerating Javascript code from msckf_vio/FeatureMeasurement.msg[0m
[ 15%] [34m[1mGenerating EusLisp code from msckf_vio/Pose.msg[0m
[ 17%] [34m[1mGenerating Lisp code from msckf_vio/FeatureMeasurement.msg[0m
[ 18%] [34m[1mGenerating Javascript code from msckf_vio/Pose.msg[0m
[ 20%] [34m[1mGenerating EusLisp code from msckf_vio/CameraMeasurement.msg[0m
[ 21%] [34m[1mGenerating Lisp code from msckf_vio/Pose.msg[0m
[ 23%] [34m[1mGenerating EusLisp manifest code for msckf_vio[0m
[ 25%] [34m[1mGenerating Python from MSG msckf_vio/FeatureMeasurement[0m
[ 26%] [34m[1mGenerating Javascript code from msckf_vio/CameraMeasurement.msg[0m
[ 28%] [34m[1mGenerating Python from MSG msckf_vio/Pose[0m
[ 29%] [34m[1mGenerating Lisp code from msckf_vio/CameraMeasurement.msg[0m
[ 31%] [34m[1mGenerating C++ code from msckf_vio/CameraMeasurement.msg[0m
[ 32%] [34m[1mGenerating Python from MSG msckf_vio/CameraMeasurement[0m
[ 32%] Built target msckf_vio_generate_messages_nodejs
[ 32%] Built target msckf_vio_generate_messages_lisp
[ 34%] [34m[1mGenerating Python msg __init__.py for msckf_vio[0m
[ 34%] Built target msckf_vio_generate_messages_cpp
[ 34%] Built target msckf_vio_generate_messages_py
[ 34%] Built target msckf_vio_generate_messages_eus
[35m[1mScanning dependencies of target msckf_vio_generate_messages[0m
[35m[1mScanning dependencies of target loop_closure[0m
[35m[1mScanning dependencies of target msckf_vio[0m
[35m[1mScanning dependencies of target image_processor[0m
[ 34%] Built target msckf_vio_generate_messages
[ 37%] [32mBuilding CXX object CMakeFiles/image_processor.dir/src/image_processor.cpp.o[0m
[ 37%] [32mBuilding CXX object CMakeFiles/image_processor.dir/src/utils.cpp.o[0m
[ 40%] [32mBuilding CXX object CMakeFiles/msckf_vio.dir/src/utils.cpp.o[0m
[ 40%] [32mBuilding CXX object CMakeFiles/msckf_vio.dir/src/msckf_vio.cpp.o[0m
[ 42%] [32mBuilding CXX object CMakeFiles/loop_closure.dir/src/loop_closure.cpp.o[0m
[ 43%] [32mBuilding CXX object CMakeFiles/loop_closure.dir/src/ORBextractor.cpp.o[0m
[ 45%] [32mBuilding CXX object CMakeFiles/loop_closure.dir/src/Frame.cpp.o[0m
[ 46%] [32mBuilding CXX object CMakeFiles/loop_closure.dir/src/Converter.cpp.o[0m
[ 48%] [32mBuilding CXX object CMakeFiles/loop_closure.dir/src/KeyFrame.cpp.o[0m
[ 50%] [32mBuilding CXX object CMakeFiles/loop_closure.dir/src/KeyFrameDatabase.cpp.o[0m
[ 51%] [32mBuilding CXX object CMakeFiles/loop_closure.dir/src/MapPoint.cpp.o[0m
[ 53%] [32mBuilding CXX object CMakeFiles/loop_closure.dir/src/Map.cpp.o[0m
[01m[K/home/vtkc/Desktop/tlab/msckf_loopClosure/src/msckf_vio/src/image_processor.cpp:[m[K In member function ‘[01m[Kvoid msckf_vio::ImageProcessor::stereoCallback(const ImageConstPtr&, const ImageConstPtr&)[m[K’:
[01m[K/home/vtkc/Desktop/tlab/msckf_loopClosure/src/msckf_vio/src/image_processor.cpp:232:37:[m[K [01;31m[Kerror: [m[Kexpected unqualified-id before numeric constant
       sensor_msgs::image_encodings::8UC1);
[01;32m[K                                     ^[m[K
[01m[K/home/vtkc/Desktop/tlab/msckf_loopClosure/src/msckf_vio/src/image_processor.cpp:234:37:[m[K [01;31m[Kerror: [m[Kexpected unqualified-id before numeric constant
       sensor_msgs::image_encodings::8UC1);
[01;32m[K                                     ^[m[K
[ 54%] [32mBuilding CXX object CMakeFiles/loop_closure.dir/src/ORBmatcher.cpp.o[0m
[ 56%] [32mBuilding CXX object CMakeFiles/loop_closure.dir/src/LoopClosing.cpp.o[0m
[ 57%] [32mBuilding CXX object CMakeFiles/loop_closure.dir/src/Optimizer.cpp.o[0m
[ 59%] [32mBuilding CXX object CMakeFiles/loop_closure.dir/src/Sim3Solver.cpp.o[0m
[ 60%] [32mBuilding CXX object CMakeFiles/loop_closure.dir/src/LocalMapping.cpp.o[0m
CMakeFiles/image_processor.dir/build.make:62: recipe for target 'CMakeFiles/image_processor.dir/src/image_processor.cpp.o' failed
make[2]: *** [CMakeFiles/image_processor.dir/src/image_processor.cpp.o] Error 1
CMakeFiles/Makefile2:811: recipe for target 'CMakeFiles/image_processor.dir/all' failed
make[1]: *** [CMakeFiles/image_processor.dir/all] Error 2
make[1]: *** Waiting for unfinished jobs....
[ 62%] [32m[1mLinking CXX shared library /home/vtkc/Desktop/tlab/msckf_loopClosure/devel/.private/msckf_vio/lib/libloop_closure.so[0m
[ 62%] Built target loop_closure
[ 64%] [32m[1mLinking CXX shared library /home/vtkc/Desktop/tlab/msckf_loopClosure/devel/.private/msckf_vio/lib/libmsckf_vio.so[0m
[ 64%] Built target msckf_vio
Makefile:138: recipe for target 'all' failed
make: *** [all] Error 2
