Linked: (/home/vtkc/Desktop/tlab/msckf_loopClosure/devel/.private/msckf_vio/lib/libimage_processor.so, /home/vtkc/Desktop/tlab/msckf_loopClosure/devel/lib/libimage_processor.so)
Linked: (/home/vtkc/Desktop/tlab/msckf_loopClosure/devel/.private/msckf_vio/lib/libFrame.so, /home/vtkc/Desktop/tlab/msckf_loopClosure/devel/lib/libFrame.so)
Linked: (/home/vtkc/Desktop/tlab/msckf_loopClosure/devel/.private/msckf_vio/lib/libimage_processor_nodelet.so, /home/vtkc/Desktop/tlab/msckf_loopClosure/devel/lib/libimage_processor_nodelet.so)
Linked: (/home/vtkc/Desktop/tlab/msckf_loopClosure/devel/.private/msckf_vio/lib/libmsckf_vio_nodelet.so, /home/vtkc/Desktop/tlab/msckf_loopClosure/devel/lib/libmsckf_vio_nodelet.so)
Linked: (/home/vtkc/Desktop/tlab/msckf_loopClosure/devel/.private/msckf_vio/lib/libConverter.so, /home/vtkc/Desktop/tlab/msckf_loopClosure/devel/lib/libConverter.so)
Linked: (/home/vtkc/Desktop/tlab/msckf_loopClosure/devel/.private/msckf_vio/lib/libloop_closure.so, /home/vtkc/Desktop/tlab/msckf_loopClosure/devel/lib/libloop_closure.so)
Linked: (/home/vtkc/Desktop/tlab/msckf_loopClosure/devel/.private/msckf_vio/lib/libORBextractor.so, /home/vtkc/Desktop/tlab/msckf_loopClosure/devel/lib/libORBextractor.so)
Linked: (/home/vtkc/Desktop/tlab/msckf_loopClosure/devel/.private/msckf_vio/lib/libloop_closure_nodelet.so, /home/vtkc/Desktop/tlab/msckf_loopClosure/devel/lib/libloop_closure_nodelet.so)
Linked: (/home/vtkc/Desktop/tlab/msckf_loopClosure/devel/.private/msckf_vio/lib/libmsckf_vio.so, /home/vtkc/Desktop/tlab/msckf_loopClosure/devel/lib/libmsckf_vio.so)
Linked: (/home/vtkc/Desktop/tlab/msckf_loopClosure/devel/.private/msckf_vio/lib/pkgconfig/msckf_vio.pc, /home/vtkc/Desktop/tlab/msckf_loopClosure/devel/lib/pkgconfig/msckf_vio.pc)
Linked: (/home/vtkc/Desktop/tlab/msckf_loopClosure/devel/.private/msckf_vio/lib/python2.7/dist-packages/msckf_vio/__init__.py, /home/vtkc/Desktop/tlab/msckf_loopClosure/devel/lib/python2.7/dist-packages/msckf_vio/__init__.py)
Linked: (/home/vtkc/Desktop/tlab/msckf_loopClosure/devel/.private/msckf_vio/lib/python2.7/dist-packages/msckf_vio/msg/__init__.py, /home/vtkc/Desktop/tlab/msckf_loopClosure/devel/lib/python2.7/dist-packages/msckf_vio/msg/__init__.py)
Linked: (/home/vtkc/Desktop/tlab/msckf_loopClosure/devel/.private/msckf_vio/lib/python2.7/dist-packages/msckf_vio/msg/_Pose.py, /home/vtkc/Desktop/tlab/msckf_loopClosure/devel/lib/python2.7/dist-packages/msckf_vio/msg/_Pose.py)
Linked: (/home/vtkc/Desktop/tlab/msckf_loopClosure/devel/.private/msckf_vio/lib/python2.7/dist-packages/msckf_vio/msg/_CameraMeasurement.py, /home/vtkc/Desktop/tlab/msckf_loopClosure/devel/lib/python2.7/dist-packages/msckf_vio/msg/_CameraMeasurement.py)
Linked: (/home/vtkc/Desktop/tlab/msckf_loopClosure/devel/.private/msckf_vio/lib/python2.7/dist-packages/msckf_vio/msg/_FeatureMeasurement.py, /home/vtkc/Desktop/tlab/msckf_loopClosure/devel/lib/python2.7/dist-packages/msckf_vio/msg/_FeatureMeasurement.py)
Linked: (/home/vtkc/Desktop/tlab/msckf_loopClosure/devel/.private/msckf_vio/lib/python2.7/dist-packages/msckf_vio/msg/_TrackingInfo.py, /home/vtkc/Desktop/tlab/msckf_loopClosure/devel/lib/python2.7/dist-packages/msckf_vio/msg/_TrackingInfo.py)
Linked: (/home/vtkc/Desktop/tlab/msckf_loopClosure/devel/.private/msckf_vio/share/roseus/ros/msckf_vio/manifest.l, /home/vtkc/Desktop/tlab/msckf_loopClosure/devel/share/roseus/ros/msckf_vio/manifest.l)
Linked: (/home/vtkc/Desktop/tlab/msckf_loopClosure/devel/.private/msckf_vio/share/roseus/ros/msckf_vio/msg/FeatureMeasurement.l, /home/vtkc/Desktop/tlab/msckf_loopClosure/devel/share/roseus/ros/msckf_vio/msg/FeatureMeasurement.l)
Linked: (/home/vtkc/Desktop/tlab/msckf_loopClosure/devel/.private/msckf_vio/share/roseus/ros/msckf_vio/msg/Pose.l, /home/vtkc/Desktop/tlab/msckf_loopClosure/devel/share/roseus/ros/msckf_vio/msg/Pose.l)
Linked: (/home/vtkc/Desktop/tlab/msckf_loopClosure/devel/.private/msckf_vio/share/roseus/ros/msckf_vio/msg/TrackingInfo.l, /home/vtkc/Desktop/tlab/msckf_loopClosure/devel/share/roseus/ros/msckf_vio/msg/TrackingInfo.l)
Linked: (/home/vtkc/Desktop/tlab/msckf_loopClosure/devel/.private/msckf_vio/share/roseus/ros/msckf_vio/msg/CameraMeasurement.l, /home/vtkc/Desktop/tlab/msckf_loopClosure/devel/share/roseus/ros/msckf_vio/msg/CameraMeasurement.l)
Linked: (/home/vtkc/Desktop/tlab/msckf_loopClosure/devel/.private/msckf_vio/share/msckf_vio/cmake/msckf_vio-msg-paths.cmake, /home/vtkc/Desktop/tlab/msckf_loopClosure/devel/share/msckf_vio/cmake/msckf_vio-msg-paths.cmake)
Linked: (/home/vtkc/Desktop/tlab/msckf_loopClosure/devel/.private/msckf_vio/share/msckf_vio/cmake/msckf_vio-msg-extras.cmake, /home/vtkc/Desktop/tlab/msckf_loopClosure/devel/share/msckf_vio/cmake/msckf_vio-msg-extras.cmake)
Linked: (/home/vtkc/Desktop/tlab/msckf_loopClosure/devel/.private/msckf_vio/share/msckf_vio/cmake/msckf_vioConfig-version.cmake, /home/vtkc/Desktop/tlab/msckf_loopClosure/devel/share/msckf_vio/cmake/msckf_vioConfig-version.cmake)
Linked: (/home/vtkc/Desktop/tlab/msckf_loopClosure/devel/.private/msckf_vio/share/msckf_vio/cmake/msckf_vioConfig.cmake, /home/vtkc/Desktop/tlab/msckf_loopClosure/devel/share/msckf_vio/cmake/msckf_vioConfig.cmake)
Linked: (/home/vtkc/Desktop/tlab/msckf_loopClosure/devel/.private/msckf_vio/share/common-lisp/ros/msckf_vio/msg/_package_CameraMeasurement.lisp, /home/vtkc/Desktop/tlab/msckf_loopClosure/devel/share/common-lisp/ros/msckf_vio/msg/_package_CameraMeasurement.lisp)
Linked: (/home/vtkc/Desktop/tlab/msckf_loopClosure/devel/.private/msckf_vio/share/common-lisp/ros/msckf_vio/msg/msckf_vio-msg.asd, /home/vtkc/Desktop/tlab/msckf_loopClosure/devel/share/common-lisp/ros/msckf_vio/msg/msckf_vio-msg.asd)
Linked: (/home/vtkc/Desktop/tlab/msckf_loopClosure/devel/.private/msckf_vio/share/common-lisp/ros/msckf_vio/msg/_package.lisp, /home/vtkc/Desktop/tlab/msckf_loopClosure/devel/share/common-lisp/ros/msckf_vio/msg/_package.lisp)
Linked: (/home/vtkc/Desktop/tlab/msckf_loopClosure/devel/.private/msckf_vio/share/common-lisp/ros/msckf_vio/msg/TrackingInfo.lisp, /home/vtkc/Desktop/tlab/msckf_loopClosure/devel/share/common-lisp/ros/msckf_vio/msg/TrackingInfo.lisp)
Linked: (/home/vtkc/Desktop/tlab/msckf_loopClosure/devel/.private/msckf_vio/share/common-lisp/ros/msckf_vio/msg/_package_FeatureMeasurement.lisp, /home/vtkc/Desktop/tlab/msckf_loopClosure/devel/share/common-lisp/ros/msckf_vio/msg/_package_FeatureMeasurement.lisp)
Linked: (/home/vtkc/Desktop/tlab/msckf_loopClosure/devel/.private/msckf_vio/share/common-lisp/ros/msckf_vio/msg/_package_TrackingInfo.lisp, /home/vtkc/Desktop/tlab/msckf_loopClosure/devel/share/common-lisp/ros/msckf_vio/msg/_package_TrackingInfo.lisp)
Linked: (/home/vtkc/Desktop/tlab/msckf_loopClosure/devel/.private/msckf_vio/share/common-lisp/ros/msckf_vio/msg/Pose.lisp, /home/vtkc/Desktop/tlab/msckf_loopClosure/devel/share/common-lisp/ros/msckf_vio/msg/Pose.lisp)
Linked: (/home/vtkc/Desktop/tlab/msckf_loopClosure/devel/.private/msckf_vio/share/common-lisp/ros/msckf_vio/msg/FeatureMeasurement.lisp, /home/vtkc/Desktop/tlab/msckf_loopClosure/devel/share/common-lisp/ros/msckf_vio/msg/FeatureMeasurement.lisp)
Linked: (/home/vtkc/Desktop/tlab/msckf_loopClosure/devel/.private/msckf_vio/share/common-lisp/ros/msckf_vio/msg/_package_Pose.lisp, /home/vtkc/Desktop/tlab/msckf_loopClosure/devel/share/common-lisp/ros/msckf_vio/msg/_package_Pose.lisp)
Linked: (/home/vtkc/Desktop/tlab/msckf_loopClosure/devel/.private/msckf_vio/share/common-lisp/ros/msckf_vio/msg/CameraMeasurement.lisp, /home/vtkc/Desktop/tlab/msckf_loopClosure/devel/share/common-lisp/ros/msckf_vio/msg/CameraMeasurement.lisp)
Linked: (/home/vtkc/Desktop/tlab/msckf_loopClosure/devel/.private/msckf_vio/share/gennodejs/ros/msckf_vio/_index.js, /home/vtkc/Desktop/tlab/msckf_loopClosure/devel/share/gennodejs/ros/msckf_vio/_index.js)
Linked: (/home/vtkc/Desktop/tlab/msckf_loopClosure/devel/.private/msckf_vio/share/gennodejs/ros/msckf_vio/msg/CameraMeasurement.js, /home/vtkc/Desktop/tlab/msckf_loopClosure/devel/share/gennodejs/ros/msckf_vio/msg/CameraMeasurement.js)
Linked: (/home/vtkc/Desktop/tlab/msckf_loopClosure/devel/.private/msckf_vio/share/gennodejs/ros/msckf_vio/msg/FeatureMeasurement.js, /home/vtkc/Desktop/tlab/msckf_loopClosure/devel/share/gennodejs/ros/msckf_vio/msg/FeatureMeasurement.js)
Linked: (/home/vtkc/Desktop/tlab/msckf_loopClosure/devel/.private/msckf_vio/share/gennodejs/ros/msckf_vio/msg/_index.js, /home/vtkc/Desktop/tlab/msckf_loopClosure/devel/share/gennodejs/ros/msckf_vio/msg/_index.js)
Linked: (/home/vtkc/Desktop/tlab/msckf_loopClosure/devel/.private/msckf_vio/share/gennodejs/ros/msckf_vio/msg/Pose.js, /home/vtkc/Desktop/tlab/msckf_loopClosure/devel/share/gennodejs/ros/msckf_vio/msg/Pose.js)
Linked: (/home/vtkc/Desktop/tlab/msckf_loopClosure/devel/.private/msckf_vio/share/gennodejs/ros/msckf_vio/msg/TrackingInfo.js, /home/vtkc/Desktop/tlab/msckf_loopClosure/devel/share/gennodejs/ros/msckf_vio/msg/TrackingInfo.js)
Linked: (/home/vtkc/Desktop/tlab/msckf_loopClosure/devel/.private/msckf_vio/include/msckf_vio/Pose.h, /home/vtkc/Desktop/tlab/msckf_loopClosure/devel/include/msckf_vio/Pose.h)
Linked: (/home/vtkc/Desktop/tlab/msckf_loopClosure/devel/.private/msckf_vio/include/msckf_vio/CameraMeasurement.h, /home/vtkc/Desktop/tlab/msckf_loopClosure/devel/include/msckf_vio/CameraMeasurement.h)
Linked: (/home/vtkc/Desktop/tlab/msckf_loopClosure/devel/.private/msckf_vio/include/msckf_vio/FeatureMeasurement.h, /home/vtkc/Desktop/tlab/msckf_loopClosure/devel/include/msckf_vio/FeatureMeasurement.h)
Linked: (/home/vtkc/Desktop/tlab/msckf_loopClosure/devel/.private/msckf_vio/include/msckf_vio/TrackingInfo.h, /home/vtkc/Desktop/tlab/msckf_loopClosure/devel/include/msckf_vio/TrackingInfo.h)
