[  0%] Built target geometry_msgs_generate_messages_cpp
[  0%] Built target std_msgs_generate_messages_cpp
[  0%] Built target std_msgs_generate_messages_py
[  0%] Built target geometry_msgs_generate_messages_py
[  0%] Built target actionlib_msgs_generate_messages_lisp
[  0%] Built target sensor_msgs_generate_messages_eus
[  0%] Built target actionlib_generate_messages_nodejs
[  0%] Built target _msckf_vio_generate_messages_check_deps_Pose
[  0%] Built target _msckf_vio_generate_messages_check_deps_CameraMeasurement
[  0%] Built target _msckf_vio_generate_messages_check_deps_TrackingInfo
[  0%] Built target _msckf_vio_generate_messages_check_deps_FeatureMeasurement
[  0%] Built target actionlib_msgs_generate_messages_cpp
[  0%] Built target actionlib_generate_messages_lisp
[  0%] Built target actionlib_msgs_generate_messages_eus
[  0%] Built target actionlib_msgs_generate_messages_nodejs
[  0%] Built target tf2_msgs_generate_messages_py
[  0%] Built target sensor_msgs_generate_messages_cpp
[  0%] Built target topic_tools_generate_messages_py
[  0%] Built target std_msgs_generate_messages_nodejs
[  0%] Built target geometry_msgs_generate_messages_lisp
[  0%] Built target sensor_msgs_generate_messages_nodejs
[  0%] Built target tf_generate_messages_py
[  0%] Built target std_msgs_generate_messages_lisp
[  0%] Built target roscpp_generate_messages_py
[  0%] Built target tf_generate_messages_lisp
[  0%] Built target actionlib_generate_messages_cpp
[  0%] Built target rosgraph_msgs_generate_messages_py
[  0%] Built target geometry_msgs_generate_messages_nodejs
[  0%] Built target actionlib_msgs_generate_messages_py
[  0%] Built target roscpp_generate_messages_cpp
[  0%] Built target geometry_msgs_generate_messages_eus
[  0%] Built target nodelet_generate_messages_py
[  0%] Built target roscpp_generate_messages_eus
[  0%] Built target bond_generate_messages_eus
[  0%] Built target bond_generate_messages_py
[  0%] Built target tf_generate_messages_cpp
[  0%] Built target tf2_msgs_generate_messages_cpp
[  0%] Built target std_srvs_generate_messages_lisp
[  0%] Built target std_srvs_generate_messages_eus
[  0%] Built target rosgraph_msgs_generate_messages_cpp
[  0%] Built target pcl_msgs_generate_messages_eus
[  0%] Built target rosgraph_msgs_generate_messages_nodejs
[  0%] Built target tf_generate_messages_eus
[  0%] Built target sensor_msgs_generate_messages_py
[  0%] Built target roscpp_generate_messages_nodejs
[  0%] Built target pcl_msgs_generate_messages_nodejs
[  0%] Built target std_srvs_generate_messages_nodejs
[  0%] Built target rosgraph_msgs_generate_messages_lisp
[  0%] Built target rosgraph_msgs_generate_messages_eus
[  0%] Built target nav_msgs_generate_messages_py
[  0%] Built target roscpp_generate_messages_lisp
[  0%] Built target tf_generate_messages_nodejs
[  0%] Built target std_srvs_generate_messages_py
[  0%] Built target std_msgs_generate_messages_eus
[  0%] Built target actionlib_generate_messages_eus
[  0%] Built target nodelet_generate_messages_cpp
[  0%] Built target tf2_msgs_generate_messages_lisp
[  0%] Built target nav_msgs_generate_messages_cpp
[  0%] Built target tf2_msgs_generate_messages_nodejs
[  0%] Built target pcl_ros_gencfg
[  0%] Built target nav_msgs_generate_messages_eus
[  0%] Built target tf2_msgs_generate_messages_eus
[  0%] Built target nav_msgs_generate_messages_lisp
[  0%] Built target nodelet_generate_messages_lisp
[  0%] Built target nav_msgs_generate_messages_nodejs
[  0%] Built target nodelet_generate_messages_nodejs
[  0%] Built target bond_generate_messages_cpp
[  0%] Built target bond_generate_messages_lisp
[  0%] Built target nodelet_generate_messages_eus
[  0%] Built target topic_tools_generate_messages_cpp
[  0%] Built target topic_tools_generate_messages_eus
[  0%] Built target pcl_msgs_generate_messages_lisp
[  0%] Built target dynamic_reconfigure_generate_messages_cpp
[  0%] Built target bond_generate_messages_nodejs
[  0%] Built target pcl_msgs_generate_messages_py
[  0%] Built target dynamic_reconfigure_generate_messages_eus
[  0%] Built target dynamic_reconfigure_generate_messages_lisp
[  7%] Built target msckf_vio_generate_messages_eus
[  7%] Built target dynamic_reconfigure_generate_messages_nodejs
[  7%] Built target actionlib_generate_messages_py
[  7%] Built target dynamic_reconfigure_generate_messages_py
[  7%] Built target dynamic_reconfigure_gencfg
[  7%] Built target nodelet_topic_tools_gencfg
[  7%] Built target pcl_msgs_generate_messages_cpp
[  7%] Built target std_srvs_generate_messages_cpp
[  7%] Built target topic_tools_generate_messages_lisp
[  7%] Built target sensor_msgs_generate_messages_lisp
[  7%] Built target topic_tools_generate_messages_nodejs
[ 14%] Built target msckf_vio_generate_messages_cpp
[ 21%] Built target msckf_vio_generate_messages_py
[ 28%] Built target msckf_vio_generate_messages_nodejs
[ 34%] Built target msckf_vio_generate_messages_lisp
[ 34%] Built target msckf_vio_generate_messages
[35m[1mScanning dependencies of target image_processor[0m
[ 39%] Built target msckf_vio
[35m[1mScanning dependencies of target msckf_vio_nodelet[0m
[ 40%] [32mBuilding CXX object CMakeFiles/image_processor.dir/src/image_processor.cpp.o[0m
[ 62%] Built target loop_closure
[35m[1mScanning dependencies of target ORBextractor[0m
[35m[1mScanning dependencies of target Converter[0m
[35m[1mScanning dependencies of target loop_closure_nodelet[0m
[35m[1mScanning dependencies of target Frame[0m
[ 64%] [32mBuilding CXX object CMakeFiles/msckf_vio_nodelet.dir/src/msckf_vio_nodelet.cpp.o[0m
[ 65%] [32mBuilding CXX object CMakeFiles/ORBextractor.dir/src/ORBextractor.cpp.o[0m
[ 67%] [32mBuilding CXX object CMakeFiles/Converter.dir/src/Converter.cpp.o[0m
[ 68%] [32mBuilding CXX object CMakeFiles/loop_closure_nodelet.dir/src/loop_closure_nodelet.cpp.o[0m
[ 70%] [32mBuilding CXX object CMakeFiles/Frame.dir/src/KeyFrameDatabase.cpp.o[0m
[ 71%] [32mBuilding CXX object CMakeFiles/Frame.dir/src/KeyFrame.cpp.o[0m
[ 73%] [32mBuilding CXX object CMakeFiles/Frame.dir/src/Frame.cpp.o[0m
[ 75%] [32mBuilding CXX object CMakeFiles/Frame.dir/src/MapPoint.cpp.o[0m
[ 76%] [32mBuilding CXX object CMakeFiles/Frame.dir/src/Map.cpp.o[0m
[ 78%] [32m[1mLinking CXX shared library /home/vtkc/Desktop/tlab/msckf_loopClosure/devel/.private/msckf_vio/lib/libConverter.so[0m
[ 79%] [32mBuilding CXX object CMakeFiles/Frame.dir/src/ORBmatcher.cpp.o[0m
[ 79%] Built target Converter
[ 81%] [32mBuilding CXX object CMakeFiles/Frame.dir/src/ORBextractor.cpp.o[0m
[ 82%] [32mBuilding CXX object CMakeFiles/Frame.dir/src/LoopClosing.cpp.o[0m
[ 84%] [32mBuilding CXX object CMakeFiles/Frame.dir/src/Optimizer.cpp.o[0m
[ 85%] [32mBuilding CXX object CMakeFiles/Frame.dir/src/Sim3Solver.cpp.o[0m
[ 87%] [32m[1mLinking CXX shared library /home/vtkc/Desktop/tlab/msckf_loopClosure/devel/.private/msckf_vio/lib/libloop_closure_nodelet.so[0m
[ 89%] [32mBuilding CXX object CMakeFiles/Frame.dir/src/LocalMapping.cpp.o[0m
[ 89%] Built target loop_closure_nodelet
[ 90%] [32m[1mLinking CXX shared library /home/vtkc/Desktop/tlab/msckf_loopClosure/devel/.private/msckf_vio/lib/libmsckf_vio_nodelet.so[0m
[ 92%] [32m[1mLinking CXX shared library /home/vtkc/Desktop/tlab/msckf_loopClosure/devel/.private/msckf_vio/lib/libORBextractor.so[0m
[ 92%] Built target ORBextractor
[ 92%] Built target msckf_vio_nodelet
[ 93%] [32m[1mLinking CXX shared library /home/vtkc/Desktop/tlab/msckf_loopClosure/devel/.private/msckf_vio/lib/libimage_processor.so[0m
[ 95%] Built target image_processor
[35m[1mScanning dependencies of target image_processor_nodelet[0m
[ 96%] [32mBuilding CXX object CMakeFiles/image_processor_nodelet.dir/src/image_processor_nodelet.cpp.o[0m
[ 98%] [32m[1mLinking CXX shared library /home/vtkc/Desktop/tlab/msckf_loopClosure/devel/.private/msckf_vio/lib/libFrame.so[0m
[100%] [32m[1mLinking CXX shared library /home/vtkc/Desktop/tlab/msckf_loopClosure/devel/.private/msckf_vio/lib/libimage_processor_nodelet.so[0m
[100%] Built target image_processor_nodelet
[100%] Built target Frame
