[  0%] Built target std_msgs_generate_messages_py
[  0%] Built target std_msgs_generate_messages_cpp
[  0%] Built target geometry_msgs_generate_messages_cpp
[  0%] Built target geometry_msgs_generate_messages_py
[  0%] Built target actionlib_msgs_generate_messages_lisp
[  0%] Built target actionlib_generate_messages_nodejs
[  0%] Built target sensor_msgs_generate_messages_eus
[  0%] Built target actionlib_msgs_generate_messages_cpp
[  0%] Built target _msckf_vio_generate_messages_check_deps_CameraMeasurement
[  0%] Built target _msckf_vio_generate_messages_check_deps_TrackingInfo
[  0%] Built target _msckf_vio_generate_messages_check_deps_FeatureMeasurement
[  0%] Built target _msckf_vio_generate_messages_check_deps_Pose
[  0%] Built target actionlib_msgs_generate_messages_eus
[  0%] Built target actionlib_generate_messages_lisp
[  0%] Built target actionlib_msgs_generate_messages_nodejs
[  0%] Built target topic_tools_generate_messages_py
[  0%] Built target sensor_msgs_generate_messages_cpp
[  0%] Built target tf2_msgs_generate_messages_py
[  0%] Built target std_msgs_generate_messages_nodejs
[  0%] Built target sensor_msgs_generate_messages_nodejs
[  0%] Built target geometry_msgs_generate_messages_lisp
[  0%] Built target std_msgs_generate_messages_lisp
[  0%] Built target tf_generate_messages_py
[  0%] Built target tf_generate_messages_lisp
[  0%] Built target actionlib_generate_messages_cpp
[  0%] Built target roscpp_generate_messages_py
[  0%] Built target actionlib_msgs_generate_messages_py
[  0%] Built target geometry_msgs_generate_messages_nodejs
[  0%] Built target rosgraph_msgs_generate_messages_py
[  0%] Built target roscpp_generate_messages_cpp
[  0%] Built target geometry_msgs_generate_messages_eus
[  0%] Built target nodelet_generate_messages_py
[  0%] Built target bond_generate_messages_eus
[  0%] Built target roscpp_generate_messages_eus
[  0%] Built target bond_generate_messages_py
[  0%] Built target tf_generate_messages_cpp
[  0%] Built target std_srvs_generate_messages_lisp
[  0%] Built target std_srvs_generate_messages_eus
[  0%] Built target tf2_msgs_generate_messages_cpp
[  0%] Built target rosgraph_msgs_generate_messages_cpp
[  0%] Built target pcl_msgs_generate_messages_eus
[  0%] Built target tf_generate_messages_eus
[  0%] Built target rosgraph_msgs_generate_messages_nodejs
[  0%] Built target sensor_msgs_generate_messages_py
[  0%] Built target roscpp_generate_messages_nodejs
[  0%] Built target std_srvs_generate_messages_nodejs
[  0%] Built target pcl_msgs_generate_messages_nodejs
[  0%] Built target rosgraph_msgs_generate_messages_lisp
[  0%] Built target rosgraph_msgs_generate_messages_eus
[  0%] Built target nav_msgs_generate_messages_py
[  0%] Built target roscpp_generate_messages_lisp
[  0%] Built target tf_generate_messages_nodejs
[  0%] Built target std_srvs_generate_messages_py
[  0%] Built target actionlib_generate_messages_eus
[  0%] Built target std_msgs_generate_messages_eus
[  0%] Built target nodelet_generate_messages_cpp
[  0%] Built target nav_msgs_generate_messages_cpp
[  0%] Built target tf2_msgs_generate_messages_nodejs
[  0%] Built target tf2_msgs_generate_messages_lisp
[  0%] Built target pcl_ros_gencfg
[  0%] Built target tf2_msgs_generate_messages_eus
[  0%] Built target nav_msgs_generate_messages_eus
[  0%] Built target nav_msgs_generate_messages_lisp
[  0%] Built target nav_msgs_generate_messages_nodejs
[  0%] Built target nodelet_generate_messages_lisp
[  0%] Built target nodelet_generate_messages_nodejs
[  0%] Built target bond_generate_messages_cpp
[  0%] Built target nodelet_generate_messages_eus
[  0%] Built target topic_tools_generate_messages_eus
[  0%] Built target bond_generate_messages_lisp
[  0%] Built target pcl_msgs_generate_messages_lisp
[  0%] Built target topic_tools_generate_messages_cpp
[  0%] Built target pcl_msgs_generate_messages_py
[  0%] Built target dynamic_reconfigure_generate_messages_cpp
[  0%] Built target bond_generate_messages_nodejs
[  0%] Built target dynamic_reconfigure_generate_messages_eus
[  0%] Built target dynamic_reconfigure_generate_messages_lisp
[  7%] Built target msckf_vio_generate_messages_eus
[  7%] Built target actionlib_generate_messages_py
[  7%] Built target dynamic_reconfigure_generate_messages_nodejs
[  7%] Built target dynamic_reconfigure_generate_messages_py
[  7%] Built target dynamic_reconfigure_gencfg
[  7%] Built target nodelet_topic_tools_gencfg
[  7%] Built target pcl_msgs_generate_messages_cpp
[  7%] Built target topic_tools_generate_messages_lisp
[  7%] Built target std_srvs_generate_messages_cpp
[  7%] Built target topic_tools_generate_messages_nodejs
[  7%] Built target sensor_msgs_generate_messages_lisp
[ 21%] Built target msckf_vio_generate_messages_py
[ 21%] Built target msckf_vio_generate_messages_cpp
[ 28%] Built target msckf_vio_generate_messages_lisp
[ 34%] Built target msckf_vio_generate_messages_nodejs
[ 34%] Built target msckf_vio_generate_messages
[ 39%] Built target msckf_vio
[ 43%] Built target image_processor
[35m[1mScanning dependencies of target loop_closure[0m
[ 46%] Built target msckf_vio_nodelet
[ 50%] Built target image_processor_nodelet
[ 51%] [32mBuilding CXX object CMakeFiles/loop_closure.dir/src/loop_closure.cpp.o[0m
[ 53%] [32m[1mLinking CXX shared library /home/vtkc/Desktop/tlab/msckf_loopClosure/devel/.private/msckf_vio/lib/libloop_closure.so[0m
[ 71%] Built target loop_closure
[ 73%] [32m[1mLinking CXX shared library /home/vtkc/Desktop/tlab/msckf_loopClosure/devel/.private/msckf_vio/lib/libloop_closure_nodelet.so[0m
[ 75%] [32m[1mLinking CXX shared library /home/vtkc/Desktop/tlab/msckf_loopClosure/devel/.private/msckf_vio/lib/libConverter.so[0m
[ 76%] [32m[1mLinking CXX shared library /home/vtkc/Desktop/tlab/msckf_loopClosure/devel/.private/msckf_vio/lib/libORBextractor.so[0m
[ 78%] [32m[1mLinking CXX shared library /home/vtkc/Desktop/tlab/msckf_loopClosure/devel/.private/msckf_vio/lib/libFrame.so[0m
[ 79%] Built target Converter
[ 81%] Built target ORBextractor
[ 82%] Built target loop_closure_nodelet
[100%] Built target Frame
