Determining if the pthread_create exist failed with the following output:
Change Dir: /home/vtkc/Desktop/tlab/msckf_loopClosure/build/msckf_vio/CMakeFiles/CMakeTmp

Run Build Command:"/usr/bin/make" "cmTC_9dd45/fast"
/usr/bin/make -f CMakeFiles/cmTC_9dd45.dir/build.make CMakeFiles/cmTC_9dd45.dir/build
make[1]: Entering directory '/home/vtkc/Desktop/tlab/msckf_loopClosure/build/msckf_vio/CMakeFiles/CMakeTmp'
Building C object CMakeFiles/cmTC_9dd45.dir/CheckSymbolExists.c.o
/usr/bin/cc     -o CMakeFiles/cmTC_9dd45.dir/CheckSymbolExists.c.o   -c /home/vtkc/Desktop/tlab/msckf_loopClosure/build/msckf_vio/CMakeFiles/CMakeTmp/CheckSymbolExists.c
Linking C executable cmTC_9dd45
/usr/bin/cmake -E cmake_link_script CMakeFiles/cmTC_9dd45.dir/link.txt --verbose=1
/usr/bin/cc       CMakeFiles/cmTC_9dd45.dir/CheckSymbolExists.c.o  -o cmTC_9dd45 -rdynamic 
CMakeFiles/cmTC_9dd45.dir/CheckSymbolExists.c.o: In function `main':
CheckSymbolExists.c:(.text+0x16): undefined reference to `pthread_create'
collect2: error: ld returned 1 exit status
CMakeFiles/cmTC_9dd45.dir/build.make:97: recipe for target 'cmTC_9dd45' failed
make[1]: *** [cmTC_9dd45] Error 1
make[1]: Leaving directory '/home/vtkc/Desktop/tlab/msckf_loopClosure/build/msckf_vio/CMakeFiles/CMakeTmp'
Makefile:126: recipe for target 'cmTC_9dd45/fast' failed
make: *** [cmTC_9dd45/fast] Error 2

File /home/vtkc/Desktop/tlab/msckf_loopClosure/build/msckf_vio/CMakeFiles/CMakeTmp/CheckSymbolExists.c:
/* */
#include <pthread.h>

int main(int argc, char** argv)
{
  (void)argv;
#ifndef pthread_create
  return ((int*)(&pthread_create))[argc];
#else
  (void)argc;
  return 0;
#endif
}

Determining if the function pthread_create exists in the pthreads failed with the following output:
Change Dir: /home/vtkc/Desktop/tlab/msckf_loopClosure/build/msckf_vio/CMakeFiles/CMakeTmp

Run Build Command:"/usr/bin/make" "cmTC_581fd/fast"
/usr/bin/make -f CMakeFiles/cmTC_581fd.dir/build.make CMakeFiles/cmTC_581fd.dir/build
make[1]: Entering directory '/home/vtkc/Desktop/tlab/msckf_loopClosure/build/msckf_vio/CMakeFiles/CMakeTmp'
Building C object CMakeFiles/cmTC_581fd.dir/CheckFunctionExists.c.o
/usr/bin/cc    -DCHECK_FUNCTION_EXISTS=pthread_create   -o CMakeFiles/cmTC_581fd.dir/CheckFunctionExists.c.o   -c /usr/share/cmake-3.5/Modules/CheckFunctionExists.c
Linking C executable cmTC_581fd
/usr/bin/cmake -E cmake_link_script CMakeFiles/cmTC_581fd.dir/link.txt --verbose=1
/usr/bin/cc   -DCHECK_FUNCTION_EXISTS=pthread_create    CMakeFiles/cmTC_581fd.dir/CheckFunctionExists.c.o  -o cmTC_581fd -rdynamic -lpthreads 
/usr/bin/ld: cannot find -lpthreads
collect2: error: ld returned 1 exit status
CMakeFiles/cmTC_581fd.dir/build.make:97: recipe for target 'cmTC_581fd' failed
make[1]: *** [cmTC_581fd] Error 1
make[1]: Leaving directory '/home/vtkc/Desktop/tlab/msckf_loopClosure/build/msckf_vio/CMakeFiles/CMakeTmp'
Makefile:126: recipe for target 'cmTC_581fd/fast' failed
make: *** [cmTC_581fd/fast] Error 2


